2006.10.12 09:41 B C:\Documents and Settings\Steve\My Documents\VARIOUS WEBS\propaWEB\clients\clients.htm --> home.iprimus.com.au /clients clients.htm
2006.10.12 09:52 B C:\Documents and Settings\Steve\My Documents\VARIOUS WEBS\propaWEB\clients\clients.htm --> home.iprimus.com.au /clients clients.htm
2006.10.12 09:55 B C:\Documents and Settings\Steve\My Documents\VARIOUS WEBS\propaWEB\clients\clients.htm --> home.iprimus.com.au /clients clients.htm
2006.10.12 09:57 B C:\Documents and Settings\Steve\My Documents\VARIOUS WEBS\propaWEB\clients\clients.htm --> home.iprimus.com.au /clients clients.htm
2006.10.12 10:00 B C:\Documents and Settings\Steve\My Documents\VARIOUS WEBS\propaWEB\clients\clients.htm --> home.iprimus.com.au /clients clients.htm
2006.10.13 09:08 B C:\Documents and Settings\Steve\My Documents\VARIOUS WEBS\propaWEB\clients\index.htm --> home.iprimus.com.au /clients index.htm
2006.10.13 10:12 B C:\Documents and Settings\Steve\My Documents\VARIOUS WEBS\propaWEB\clients\index.htm --> home.iprimus.com.au /clients index.htm
2006.10.19 22:48 B C:\Documents and Settings\Steve\My Documents\VARIOUS WEBS\propaWEB\clients\index.htm --> home.iprimus.com.au /clients index.htm
2006.10.20 08:51 B C:\Documents and Settings\Steve\My Documents\VARIOUS WEBS\propaWEB\clients\index.htm --> home.iprimus.com.au /assets index.htm
2006.10.20 08:52 B C:\Documents and Settings\Steve\My Documents\VARIOUS WEBS\propaWEB\clients\index.htm --> home.iprimus.com.au /clients index.htm
2006.11.21 10:25 B C:\Documents and Settings\Steve\My Documents\VARIOUS WEBS\propaWEB\clients\index.htm --> home.iprimus.com.au /clients index.htm
2006.12.12 01:07 B C:\Documents and Settings\Steve\My Documents\VARIOUS WEBS\propaWEB\clients\index.htm --> home.iprimus.com.au /clients index.htm
2007.03.23 16:17 B C:\Documents and Settings\Steve\My Documents\VARIOUS WEBS\propaWEB\clients\index.htm --> home.iprimus.com.au /clients index.htm
2007.03.23 17:35 B C:\Documents and Settings\Steve\My Documents\VARIOUS WEBS\propaWEB\clients\index.htm --> home.iprimus.com.au /clients index.htm
2007.03.23 17:46 B C:\Documents and Settings\Steve\My Documents\VARIOUS WEBS\propaWEB\clients\index.htm --> home.iprimus.com.au /clients index.htm
2007.03.23 17:53 B C:\Documents and Settings\Steve\My Documents\VARIOUS WEBS\propaWEB\clients\index.htm --> home.iprimus.com.au /clients index.htm
2007.10.29 16:40 B C:\Documents and Settings\Steve\My Documents\VARIOUS WEBS\propaWEB\clients\index.htm --> home.iprimus.com.au /clients index.htm
2007.12.07 16:55 B E:\dec2007DORYbackup\VARIOUS WEBS\propaWEB\clients\index.htm --> home.iprimus.com.au /clients index.htm
2008.01.21 10:29 B E:\dec2007DORYbackup\VARIOUS WEBS\propaWEB\clients\index.htm --> home.iprimus.com.au /clients index.htm
2008.01.22 07:34 B E:\dec2007DORYbackup\VARIOUS WEBS\propaWEB\clients\index.htm --> home.iprimus.com.au /clients index.htm
2008.03.24 12:02 B E:\dec2007DORYbackup\VARIOUS WEBS\propaWEB\clients\index.htm --> home.iprimus.com.au \clients index.htm
2008.03.24 13:11 B E:\dec2007DORYbackup\VARIOUS WEBS\propaWEB\clients\index.htm --> home.iprimus.com.au \clients index.htm
2008.03.24 13:15 B E:\dec2007DORYbackup\VARIOUS WEBS\propaWEB\clients\index.htm --> home.iprimus.com.au \clients index.htm
2008.03.28 00:18 B E:\dec2007DORYbackup\VARIOUS WEBS\propaWEB\clients\index.htm --> home.iprimus.com.au \clients index.htm
2009.06.09 11:35 B G:\dec2007DORYbackup\VARIOUS WEBS\propaWEB\clients\index.htm --> dns.helm.australis.com.au /propagan/wwwroot/clients index.htm
2009.06.09 11:35 B G:\dec2007DORYbackup\VARIOUS WEBS\propaWEB\clients\menu_tabbed.html --> dns.helm.australis.com.au /propagan/wwwroot/clients menu_tabbed.html
2009.06.09 11:35 B G:\dec2007DORYbackup\VARIOUS WEBS\propaWEB\clients\menu_vertbar.html --> dns.helm.australis.com.au /propagan/wwwroot/clients menu_vertbar.html
2009.06.09 11:35 B G:\dec2007DORYbackup\VARIOUS WEBS\propaWEB\clients\menu_accord.html --> dns.helm.australis.com.au /propagan/wwwroot/clients menu_accord.html
2009.06.09 11:35 B G:\dec2007DORYbackup\VARIOUS WEBS\propaWEB\clients\index-old.htm --> dns.helm.australis.com.au /propagan/wwwroot/clients index-old.htm
2009.06.09 11:35 B G:\dec2007DORYbackup\VARIOUS WEBS\propaWEB\clients\WS_FTP.LOG --> dns.helm.australis.com.au /propagan/wwwroot/clients WS_FTP.LOG
