2006.08.24 23:33 B C:\Documents and Settings\Steve\My Documents\VARIOUS WEBS\propaWEB\assets\images\abgd.gif --> home.iprimus.com.au /assets/images abgd.gif
2006.08.24 23:33 B C:\Documents and Settings\Steve\My Documents\VARIOUS WEBS\propaWEB\assets\images\arisk.jpg --> home.iprimus.com.au /assets/images arisk.jpg
2006.08.24 23:33 B C:\Documents and Settings\Steve\My Documents\VARIOUS WEBS\propaWEB\assets\images\ariska.jpg --> home.iprimus.com.au /assets/images ariska.jpg
2006.08.24 23:33 B C:\Documents and Settings\Steve\My Documents\VARIOUS WEBS\propaWEB\assets\images\arr-left.gif --> home.iprimus.com.au /assets/images arr-left.gif
2006.08.24 23:33 B C:\Documents and Settings\Steve\My Documents\VARIOUS WEBS\propaWEB\assets\images\arr-up.gif --> home.iprimus.com.au /assets/images arr-up.gif
2006.08.24 23:33 B C:\Documents and Settings\Steve\My Documents\VARIOUS WEBS\propaWEB\assets\images\arrow-blue.gif --> home.iprimus.com.au /assets/images arrow-blue.gif
2006.08.24 23:33 B C:\Documents and Settings\Steve\My Documents\VARIOUS WEBS\propaWEB\assets\images\arrow-org.gif --> home.iprimus.com.au /assets/images arrow-org.gif
2006.08.24 23:33 B C:\Documents and Settings\Steve\My Documents\VARIOUS WEBS\propaWEB\assets\images\binf.jpg --> home.iprimus.com.au /assets/images binf.jpg
2006.08.24 23:33 B C:\Documents and Settings\Steve\My Documents\VARIOUS WEBS\propaWEB\assets\images\binfa.jpg --> home.iprimus.com.au /assets/images binfa.jpg
2006.08.24 23:33 B C:\Documents and Settings\Steve\My Documents\VARIOUS WEBS\propaWEB\assets\images\bkg.htm --> home.iprimus.com.au /assets/images bkg.htm
2006.08.24 23:33 B C:\Documents and Settings\Steve\My Documents\VARIOUS WEBS\propaWEB\assets\images\bkg.jpg --> home.iprimus.com.au /assets/images bkg.jpg
2006.08.24 23:33 B C:\Documents and Settings\Steve\My Documents\VARIOUS WEBS\propaWEB\assets\images\bkg2.jpg --> home.iprimus.com.au /assets/images bkg2.jpg
2006.08.24 23:33 B C:\Documents and Settings\Steve\My Documents\VARIOUS WEBS\propaWEB\assets\images\bkg3.jpg --> home.iprimus.com.au /assets/images bkg3.jpg
2006.08.24 23:33 B C:\Documents and Settings\Steve\My Documents\VARIOUS WEBS\propaWEB\assets\images\bkg3a.jpg --> home.iprimus.com.au /assets/images bkg3a.jpg
2006.08.24 23:33 B C:\Documents and Settings\Steve\My Documents\VARIOUS WEBS\propaWEB\assets\images\bkg4a.jpg --> home.iprimus.com.au /assets/images bkg4a.jpg
2006.08.24 23:33 B C:\Documents and Settings\Steve\My Documents\VARIOUS WEBS\propaWEB\assets\images\blurctr.gif --> home.iprimus.com.au /assets/images blurctr.gif
2006.08.24 23:34 B C:\Documents and Settings\Steve\My Documents\VARIOUS WEBS\propaWEB\assets\images\cmi.jpg --> home.iprimus.com.au /assets/images cmi.jpg
2006.08.24 23:34 B C:\Documents and Settings\Steve\My Documents\VARIOUS WEBS\propaWEB\assets\images\cmia.jpg --> home.iprimus.com.au /assets/images cmia.jpg
2006.08.24 23:34 B C:\Documents and Settings\Steve\My Documents\VARIOUS WEBS\propaWEB\assets\images\gracas.jpg --> home.iprimus.com.au /assets/images gracas.jpg
2006.08.24 23:34 B C:\Documents and Settings\Steve\My Documents\VARIOUS WEBS\propaWEB\assets\images\gracasa.jpg --> home.iprimus.com.au /assets/images gracasa.jpg
2006.08.24 23:34 B C:\Documents and Settings\Steve\My Documents\VARIOUS WEBS\propaWEB\assets\images\index.htm --> home.iprimus.com.au /assets/images index.htm
2006.08.24 23:35 B C:\Documents and Settings\Steve\My Documents\VARIOUS WEBS\propaWEB\assets\images\logo2001.gif --> home.iprimus.com.au /assets/images logo2001.gif
2007.10.29 16:39 B C:\Documents and Settings\Steve\My Documents\VARIOUS WEBS\propaWEB\assets\images\ripoff2a.swf --> home.iprimus.com.au /assets/images ripoff2a.swf
2008.03.20 15:28 B E:\dec2007DORYbackup\VARIOUS WEBS\propaWEB\assets\images\propaganda-2.swf --> home.iprimus.com.au \assets\images propaganda-2.swf
2008.03.20 15:30 B E:\dec2007DORYbackup\VARIOUS WEBS\propaWEB\assets\images\bkg3.jpg --> home.iprimus.com.au \assets\images bkg3.jpg
2008.03.20 15:31 B E:\dec2007DORYbackup\VARIOUS WEBS\propaWEB\assets\images\bkg3a.jpg --> home.iprimus.com.au \assets\images bkg3a.jpg
2008.03.20 15:31 B E:\dec2007DORYbackup\VARIOUS WEBS\propaWEB\assets\images\bkg.jpg --> home.iprimus.com.au \assets\images bkg.jpg
2008.03.20 15:32 B E:\dec2007DORYbackup\VARIOUS WEBS\propaWEB\assets\images\bkg2.jpg --> home.iprimus.com.au \assets\images bkg2.jpg
2008.03.24 12:03 B E:\dec2007DORYbackup\VARIOUS WEBS\propaWEB\assets\images\propaganda-2.swf --> home.iprimus.com.au \assets\images propaganda-2.swf
2008.03.24 12:05 B E:\dec2007DORYbackup\VARIOUS WEBS\propaWEB\assets\images\propaganda-2.swf --> home.iprimus.com.au \assets\images propaganda-2.swf
2008.03.24 12:08 B E:\dec2007DORYbackup\VARIOUS WEBS\propaWEB\assets\images\propaganda-2.swf --> home.iprimus.com.au \assets\images propaganda-2.swf
2008.03.24 12:13 B E:\dec2007DORYbackup\VARIOUS WEBS\propaWEB\assets\images\propaganda-2.swf --> home.iprimus.com.au \assets\images propaganda-2.swf
2008.03.24 12:15 B E:\dec2007DORYbackup\VARIOUS WEBS\propaWEB\assets\images\propaganda-2.swf --> home.iprimus.com.au \assets\images propaganda-2.swf
2008.03.24 12:19 B E:\dec2007DORYbackup\VARIOUS WEBS\propaWEB\assets\images\propaganda-2.swf --> home.iprimus.com.au \assets\images propaganda-2.swf
2009.06.09 11:33 B G:\dec2007DORYbackup\VARIOUS WEBS\propaWEB\assets\images\propaganda-2.swf --> dns.helm.australis.com.au /propagan/wwwroot propaganda-2.swf
2009.06.09 11:34 B G:\dec2007DORYbackup\VARIOUS WEBS\propaWEB\assets\images\propaganda-2.swf --> dns.helm.australis.com.au /propagan/wwwroot/assets/images propaganda-2.swf
