2005.08.27 13:53 B C:\Documents and Settings\Steve\My Documents\VARIOUS WEBS\propaWEB\assets\pgws0508.swf --> home.iprimus.com.au /assets pgws0508.swf
2005.08.27 14:06 B C:\Documents and Settings\Steve\My Documents\VARIOUS WEBS\propaWEB\assets\May02top2.jpg --> home.iprimus.com.au /assets May02top2.jpg
2005.08.27 14:06 B C:\Documents and Settings\Steve\My Documents\VARIOUS WEBS\propaWEB\assets\may02front2.jpg --> home.iprimus.com.au /assets may02front2.jpg
2005.08.27 14:06 B C:\Documents and Settings\Steve\My Documents\VARIOUS WEBS\propaWEB\assets\may02top1.jpg --> home.iprimus.com.au /assets may02top1.jpg
2005.08.27 14:06 B C:\Documents and Settings\Steve\My Documents\VARIOUS WEBS\propaWEB\assets\may02front1.jpg --> home.iprimus.com.au /assets may02front1.jpg
2005.08.27 14:09 B C:\Documents and Settings\Steve\My Documents\VARIOUS WEBS\propaWEB\assets\windhaven_view2.jpg --> home.iprimus.com.au /assets windhaven_view2.jpg
2005.08.27 14:09 B C:\Documents and Settings\Steve\My Documents\VARIOUS WEBS\propaWEB\assets\windhaven_view1.jpg --> home.iprimus.com.au /assets windhaven_view1.jpg
2005.08.27 14:10 B C:\Documents and Settings\Steve\My Documents\VARIOUS WEBS\propaWEB\assets\may2002scape2_1.jpg --> home.iprimus.com.au /assets may2002scape2_1.jpg
2005.08.29 21:47 B C:\Documents and Settings\Steve\My Documents\VARIOUS WEBS\propaWEB\assets\index.htm --> home.iprimus.com.au /assets index.htm
2005.08.29 21:52 B C:\Documents and Settings\Steve\My Documents\VARIOUS WEBS\propaWEB\assets\C:\Documents and Settings\Steve\Desktop\ks attempt\propaganda.htm --> home.iprimus.com.au /assets propaganda.htm
2005.08.29 21:52 B C:\Documents and Settings\Steve\My Documents\VARIOUS WEBS\propaWEB\assets\C:\Documents and Settings\Steve\Desktop\ks attempt\propaganda-1g.swf --> home.iprimus.com.au /assets propaganda-1g.swf
2005.08.29 21:54 B C:\Documents and Settings\Steve\My Documents\VARIOUS WEBS\propaWEB\assets\index.htm --> home.iprimus.com.au /assets index.htm
2005.08.29 22:01 B C:\Documents and Settings\Steve\My Documents\VARIOUS WEBS\propaWEB\assets\index.htm --> home.iprimus.com.au / index.htm
2005.08.29 22:04 B C:\Documents and Settings\Steve\My Documents\VARIOUS WEBS\propaWEB\assets\index.htm --> home.iprimus.com.au / index.htm
2005.08.29 22:08 B C:\Documents and Settings\Steve\My Documents\VARIOUS WEBS\propaWEB\assets\index.htm --> home.iprimus.com.au /assets index.htm
2005.08.29 22:08 B C:\Documents and Settings\Steve\My Documents\VARIOUS WEBS\propaWEB\assets\index.htm --> home.iprimus.com.au / index.htm
2005.08.29 22:21 B C:\Documents and Settings\Steve\My Documents\VARIOUS WEBS\propaWEB\assets\pgws0805.swf --> home.iprimus.com.au /assets pgws0805.swf
2005.08.29 22:41 B C:\Documents and Settings\Steve\My Documents\VARIOUS WEBS\propaWEB\assets\pgws0805.swf --> home.iprimus.com.au /assets pgws0805.swf
2005.08.30 23:04 B C:\Documents and Settings\Steve\My Documents\VARIOUS WEBS\propaWEB\assets\bkg.htm --> home.iprimus.com.au /assets bkg.htm
2005.08.30 23:04 B C:\Documents and Settings\Steve\My Documents\VARIOUS WEBS\propaWEB\assets\bkg.jpg --> home.iprimus.com.au /assets bkg.jpg
2005.08.30 23:04 B C:\Documents and Settings\Steve\My Documents\VARIOUS WEBS\propaWEB\assets\bkg2.jpg --> home.iprimus.com.au /assets bkg2.jpg
2005.08.30 23:04 B C:\Documents and Settings\Steve\My Documents\VARIOUS WEBS\propaWEB\assets\bkg3.jpg --> home.iprimus.com.au /assets bkg3.jpg
2005.08.30 23:04 B C:\Documents and Settings\Steve\My Documents\VARIOUS WEBS\propaWEB\assets\bkg3a.jpg --> home.iprimus.com.au /assets bkg3a.jpg
