2006.08.14 09:10 B C:\Documents and Settings\Steve\My Documents\VARIOUS WEBS\propaWEB\assets\styles\propacss.css --> home.iprimus.com.au /assets/styles propacss.css
2006.08.14 09:42 B C:\Documents and Settings\Steve\My Documents\VARIOUS WEBS\propaWEB\assets\styles\main.css --> home.iprimus.com.au /assets/styles main.css
2006.08.24 22:57 B C:\Documents and Settings\Steve\My Documents\VARIOUS WEBS\propaWEB\assets\styles\propacss.css --> home.iprimus.com.au /assets/styles propacss.css
2006.08.24 22:59 B C:\Documents and Settings\Steve\My Documents\VARIOUS WEBS\propaWEB\assets\styles\propacss.css --> home.iprimus.com.au /assets/styles propacss.css
2006.08.24 23:18 B C:\Documents and Settings\Steve\My Documents\VARIOUS WEBS\propaWEB\assets\styles\propacss.css --> home.iprimus.com.au /assets/styles propacss.css
2006.08.24 23:19 B C:\Documents and Settings\Steve\My Documents\VARIOUS WEBS\propaWEB\assets\styles\propacss.css --> home.iprimus.com.au /assets/styles propacss.css
2006.08.24 23:21 B C:\Documents and Settings\Steve\My Documents\VARIOUS WEBS\propaWEB\assets\styles\propacss.css --> home.iprimus.com.au /assets/styles propacss.css
2006.08.24 23:22 B C:\Documents and Settings\Steve\My Documents\VARIOUS WEBS\propaWEB\assets\styles\propacss.css --> home.iprimus.com.au /assets/styles propacss.css
2006.08.24 23:25 B C:\Documents and Settings\Steve\My Documents\VARIOUS WEBS\propaWEB\assets\styles\propacss.css --> home.iprimus.com.au /assets/styles propacss.css
2006.08.24 23:33 B C:\Documents and Settings\Steve\My Documents\VARIOUS WEBS\propaWEB\assets\styles\propacss.css --> home.iprimus.com.au /assets/styles propacss.css
2006.08.24 23:36 B C:\Documents and Settings\Steve\My Documents\VARIOUS WEBS\propaWEB\assets\styles\propacss.css --> home.iprimus.com.au /assets/styles propacss.css
2006.08.25 19:09 B C:\Documents and Settings\Steve\My Documents\VARIOUS WEBS\propaWEB\assets\styles\propacss.css --> home.iprimus.com.au /assets/styles propacss.css
2006.08.25 19:13 B C:\Documents and Settings\Steve\My Documents\VARIOUS WEBS\propaWEB\assets\styles\propacss.css --> home.iprimus.com.au /assets/styles propacss.css
2006.08.25 19:20 B C:\Documents and Settings\Steve\My Documents\VARIOUS WEBS\propaWEB\assets\styles\propacss.css --> home.iprimus.com.au /assets/styles propacss.css
2006.10.12 09:52 B C:\Documents and Settings\Steve\My Documents\VARIOUS WEBS\propaWEB\assets\styles\main.css --> home.iprimus.com.au /assets/styles main.css
2006.10.12 09:52 B C:\Documents and Settings\Steve\My Documents\VARIOUS WEBS\propaWEB\assets\styles\propacss.css --> home.iprimus.com.au /assets/styles propacss.css
2006.12.12 01:06 B C:\Documents and Settings\Steve\My Documents\VARIOUS WEBS\propaWEB\assets\styles\propacss.css --> home.iprimus.com.au /assets/styles propacss.css
2006.12.14 09:48 B C:\Documents and Settings\Steve\My Documents\VARIOUS WEBS\propaWEB\assets\styles\propacss.css --> home.iprimus.com.au /assets/styles propacss.css
2009.06.09 11:36 B G:\dec2007DORYbackup\VARIOUS WEBS\propaWEB\assets\styles\MenuBarVertical.css --> dns.helm.australis.com.au /propagan/wwwroot/styles MenuBarVertical.css
2009.06.09 11:36 B G:\dec2007DORYbackup\VARIOUS WEBS\propaWEB\assets\styles\propa2.css --> dns.helm.australis.com.au /propagan/wwwroot/styles propa2.css
2009.06.09 11:36 B G:\dec2007DORYbackup\VARIOUS WEBS\propaWEB\assets\styles\MenuBar.js --> dns.helm.australis.com.au /propagan/wwwroot/styles MenuBar.js
2009.06.09 11:36 B G:\dec2007DORYbackup\VARIOUS WEBS\propaWEB\assets\styles\styles.css --> dns.helm.australis.com.au /propagan/wwwroot/styles styles.css
2009.06.09 11:36 B G:\dec2007DORYbackup\VARIOUS WEBS\propaWEB\assets\styles\propacss.css --> dns.helm.australis.com.au /propagan/wwwroot/styles propacss.css
2009.06.09 11:36 B G:\dec2007DORYbackup\VARIOUS WEBS\propaWEB\assets\styles\re-fresh.css --> dns.helm.australis.com.au /propagan/wwwroot/styles re-fresh.css
2009.06.09 11:36 B G:\dec2007DORYbackup\VARIOUS WEBS\propaWEB\assets\styles\WS_FTP.LOG --> dns.helm.australis.com.au /propagan/wwwroot/styles WS_FTP.LOG
2009.06.09 11:36 B G:\dec2007DORYbackup\VARIOUS WEBS\propaWEB\assets\styles\main.css --> dns.helm.australis.com.au /propagan/wwwroot/styles main.css
2009.06.09 11:36 B G:\dec2007DORYbackup\VARIOUS WEBS\propaWEB\assets\styles\rcdi2.css --> dns.helm.australis.com.au /propagan/wwwroot/styles rcdi2.css
2009.06.09 11:36 B G:\dec2007DORYbackup\VARIOUS WEBS\propaWEB\assets\styles\stevediary.css --> dns.helm.australis.com.au /propagan/wwwroot/styles stevediary.css
2009.06.09 11:36 B G:\dec2007DORYbackup\VARIOUS WEBS\propaWEB\assets\styles\menu1.shtm --> dns.helm.australis.com.au /propagan/wwwroot/styles menu1.shtm
2009.06.09 11:36 B G:\dec2007DORYbackup\VARIOUS WEBS\propaWEB\assets\styles\steve1.css --> dns.helm.australis.com.au /propagan/wwwroot/styles steve1.css
