2006.11.08 12:01 B C:\Documents and Settings\Steve\My Documents\VARIOUS WEBS\propaWEB\clients\xit\aircraft.htm --> home.iprimus.com.au /clients/xit aircraft.htm
2006.11.08 12:01 B C:\Documents and Settings\Steve\My Documents\VARIOUS WEBS\propaWEB\clients\xit\beechcraft_1900.htm --> home.iprimus.com.au /clients/xit beechcraft_1900.htm
2006.11.08 12:01 B C:\Documents and Settings\Steve\My Documents\VARIOUS WEBS\propaWEB\clients\xit\beechjet_400.htm --> home.iprimus.com.au /clients/xit beechjet_400.htm
2006.11.08 12:01 B C:\Documents and Settings\Steve\My Documents\VARIOUS WEBS\propaWEB\clients\xit\bell_206b_jetranger.htm --> home.iprimus.com.au /clients/xit bell_206b_jetranger.htm
2006.11.08 12:01 B C:\Documents and Settings\Steve\My Documents\VARIOUS WEBS\propaWEB\clients\xit\bell_206l_longranger.htm --> home.iprimus.com.au /clients/xit bell_206l_longranger.htm
2006.11.08 12:01 B C:\Documents and Settings\Steve\My Documents\VARIOUS WEBS\propaWEB\clients\xit\cessna_citation_i.htm --> home.iprimus.com.au /clients/xit cessna_citation_i.htm
2006.11.08 12:01 B C:\Documents and Settings\Steve\My Documents\VARIOUS WEBS\propaWEB\clients\xit\cessna_citation_ii.htm --> home.iprimus.com.au /clients/xit cessna_citation_ii.htm
2006.11.08 12:01 B C:\Documents and Settings\Steve\My Documents\VARIOUS WEBS\propaWEB\clients\xit\cessna_citation_ultra.htm --> home.iprimus.com.au /clients/xit cessna_citation_ultra.htm
2006.11.08 12:01 B C:\Documents and Settings\Steve\My Documents\VARIOUS WEBS\propaWEB\clients\xit\corporate_airliners.htm --> home.iprimus.com.au /clients/xit corporate_airliners.htm
2006.11.08 12:01 B C:\Documents and Settings\Steve\My Documents\VARIOUS WEBS\propaWEB\clients\xit\corporate_jet_aircraft.htm --> home.iprimus.com.au /clients/xit corporate_jet_aircraft.htm
2006.11.08 12:01 B C:\Documents and Settings\Steve\My Documents\VARIOUS WEBS\propaWEB\clients\xit\enquiry_form.htm --> home.iprimus.com.au /clients/xit enquiry_form.htm
2006.11.08 12:01 B C:\Documents and Settings\Steve\My Documents\VARIOUS WEBS\propaWEB\clients\xit\helicopters.htm --> home.iprimus.com.au /clients/xit helicopters.htm
2006.11.08 12:01 B C:\Documents and Settings\Steve\My Documents\VARIOUS WEBS\propaWEB\clients\xit\index.htm --> home.iprimus.com.au /clients/xit index.htm
2006.11.08 12:01 B C:\Documents and Settings\Steve\My Documents\VARIOUS WEBS\propaWEB\clients\xit\lear_35.htm --> home.iprimus.com.au /clients/xit lear_35.htm
2006.11.08 12:01 B C:\Documents and Settings\Steve\My Documents\VARIOUS WEBS\propaWEB\clients\xit\overview.htm --> home.iprimus.com.au /clients/xit overview.htm
2006.11.08 12:01 B C:\Documents and Settings\Steve\My Documents\VARIOUS WEBS\propaWEB\clients\xit\super_king_air_200.htm --> home.iprimus.com.au /clients/xit super_king_air_200.htm
2006.11.08 12:01 B C:\Documents and Settings\Steve\My Documents\VARIOUS WEBS\propaWEB\clients\xit\tours.htm --> home.iprimus.com.au /clients/xit tours.htm
2006.11.08 12:01 B C:\Documents and Settings\Steve\My Documents\VARIOUS WEBS\propaWEB\clients\xit\turbo_prop_aircraft.htm --> home.iprimus.com.au /clients/xit turbo_prop_aircraft.htm
2009.06.09 11:35 B G:\dec2007DORYbackup\VARIOUS WEBS\propaWEB\clients\xit\WS_FTP.LOG --> dns.helm.australis.com.au /propagan/wwwroot/clients/xit WS_FTP.LOG
2009.06.09 11:35 B G:\dec2007DORYbackup\VARIOUS WEBS\propaWEB\clients\xit\lear_35.htm --> dns.helm.australis.com.au /propagan/wwwroot/clients/xit lear_35.htm
2009.06.09 11:35 B G:\dec2007DORYbackup\VARIOUS WEBS\propaWEB\clients\xit\index.htm --> dns.helm.australis.com.au /propagan/wwwroot/clients/xit index.htm
2009.06.09 11:35 B G:\dec2007DORYbackup\VARIOUS WEBS\propaWEB\clients\xit\cessna_citation_ultra.htm --> dns.helm.australis.com.au /propagan/wwwroot/clients/xit cessna_citation_ultra.htm
2009.06.09 11:35 B G:\dec2007DORYbackup\VARIOUS WEBS\propaWEB\clients\xit\bell_206l_longranger.htm --> dns.helm.australis.com.au /propagan/wwwroot/clients/xit bell_206l_longranger.htm
2009.06.09 11:35 B G:\dec2007DORYbackup\VARIOUS WEBS\propaWEB\clients\xit\bell_206b_jetranger.htm --> dns.helm.australis.com.au /propagan/wwwroot/clients/xit bell_206b_jetranger.htm
2009.06.09 11:35 B G:\dec2007DORYbackup\VARIOUS WEBS\propaWEB\clients\xit\beechjet_400.htm --> dns.helm.australis.com.au /propagan/wwwroot/clients/xit beechjet_400.htm
2009.06.09 11:35 B G:\dec2007DORYbackup\VARIOUS WEBS\propaWEB\clients\xit\beechcraft_1900.htm --> dns.helm.australis.com.au /propagan/wwwroot/clients/xit beechcraft_1900.htm
2009.06.09 11:35 B G:\dec2007DORYbackup\VARIOUS WEBS\propaWEB\clients\xit\aircraft.htm --> dns.helm.australis.com.au /propagan/wwwroot/clients/xit aircraft.htm
2009.06.09 11:35 B G:\dec2007DORYbackup\VARIOUS WEBS\propaWEB\clients\xit\turbo_prop_aircraft.htm --> dns.helm.australis.com.au /propagan/wwwroot/clients/xit turbo_prop_aircraft.htm
2009.06.09 11:35 B G:\dec2007DORYbackup\VARIOUS WEBS\propaWEB\clients\xit\tours.htm --> dns.helm.australis.com.au /propagan/wwwroot/clients/xit tours.htm
2009.06.09 11:35 B G:\dec2007DORYbackup\VARIOUS WEBS\propaWEB\clients\xit\super_king_air_200.htm --> dns.helm.australis.com.au /propagan/wwwroot/clients/xit super_king_air_200.htm
2009.06.09 11:35 B G:\dec2007DORYbackup\VARIOUS WEBS\propaWEB\clients\xit\overview.htm --> dns.helm.australis.com.au /propagan/wwwroot/clients/xit overview.htm
2009.06.09 11:35 B G:\dec2007DORYbackup\VARIOUS WEBS\propaWEB\clients\xit\helicopters.htm --> dns.helm.australis.com.au /propagan/wwwroot/clients/xit helicopters.htm
2009.06.09 11:35 B G:\dec2007DORYbackup\VARIOUS WEBS\propaWEB\clients\xit\enquiry_form.htm --> dns.helm.australis.com.au /propagan/wwwroot/clients/xit enquiry_form.htm
2009.06.09 11:35 B G:\dec2007DORYbackup\VARIOUS WEBS\propaWEB\clients\xit\corporate_jet_aircraft.htm --> dns.helm.australis.com.au /propagan/wwwroot/clients/xit corporate_jet_aircraft.htm
2009.06.09 11:35 B G:\dec2007DORYbackup\VARIOUS WEBS\propaWEB\clients\xit\corporate_airliners.htm --> dns.helm.australis.com.au /propagan/wwwroot/clients/xit corporate_airliners.htm
2009.06.09 11:35 B G:\dec2007DORYbackup\VARIOUS WEBS\propaWEB\clients\xit\cessna_citation_ii.htm --> dns.helm.australis.com.au /propagan/wwwroot/clients/xit cessna_citation_ii.htm
2009.06.09 11:35 B G:\dec2007DORYbackup\VARIOUS WEBS\propaWEB\clients\xit\cessna_citation_i.htm --> dns.helm.australis.com.au /propagan/wwwroot/clients/xit cessna_citation_i.htm
