2008.01.21 10:34 B E:\dec2007DORYbackup\VARIOUS WEBS\propaWEB\clients\mp\images\MP_logo1.gif <-- iprimus - steveki /clients/mp/images MP_logo1.gif
2008.01.21 10:34 B E:\dec2007DORYbackup\VARIOUS WEBS\propaWEB\clients\mp\images\bulletrt2.gif <-- iprimus - steveki /clients/mp/images bulletrt2.gif
2008.01.21 10:34 B E:\dec2007DORYbackup\VARIOUS WEBS\propaWEB\clients\mp\images\MP_logo3.gif <-- iprimus - steveki /clients/mp/images MP_logo3.gif
2008.01.21 10:34 B E:\dec2007DORYbackup\VARIOUS WEBS\propaWEB\clients\mp\images\mplogowm.gif <-- iprimus - steveki /clients/mp/images mplogowm.gif
2008.01.21 10:34 B E:\dec2007DORYbackup\VARIOUS WEBS\propaWEB\clients\mp\images\PCO1.gif <-- iprimus - steveki /clients/mp/images PCO1.gif
2008.01.21 10:34 B E:\dec2007DORYbackup\VARIOUS WEBS\propaWEB\clients\mp\images\collage.jpg <-- iprimus - steveki /clients/mp/images collage.jpg
2008.01.21 10:34 B E:\dec2007DORYbackup\VARIOUS WEBS\propaWEB\clients\mp\images\new-10a.jpg <-- iprimus - steveki /clients/mp/images new-10a.jpg
2008.01.21 10:34 B E:\dec2007DORYbackup\VARIOUS WEBS\propaWEB\clients\mp\images\new-5a.jpg <-- iprimus - steveki /clients/mp/images new-5a.jpg
2008.01.21 10:34 B E:\dec2007DORYbackup\VARIOUS WEBS\propaWEB\clients\mp\images\new-6a.jpg <-- iprimus - steveki /clients/mp/images new-6a.jpg
2008.01.21 10:34 B E:\dec2007DORYbackup\VARIOUS WEBS\propaWEB\clients\mp\images\new-7a.jpg <-- iprimus - steveki /clients/mp/images new-7a.jpg
2009.06.09 11:35 B G:\dec2007DORYbackup\VARIOUS WEBS\propaWEB\clients\mp\images\WS_FTP.LOG --> dns.helm.australis.com.au /propagan/wwwroot/clients/mp/images WS_FTP.LOG
2009.06.09 11:35 B G:\dec2007DORYbackup\VARIOUS WEBS\propaWEB\clients\mp\images\new-7a.jpg --> dns.helm.australis.com.au /propagan/wwwroot/clients/mp/images new-7a.jpg
2009.06.09 11:35 B G:\dec2007DORYbackup\VARIOUS WEBS\propaWEB\clients\mp\images\new-6a.jpg --> dns.helm.australis.com.au /propagan/wwwroot/clients/mp/images new-6a.jpg
2009.06.09 11:35 B G:\dec2007DORYbackup\VARIOUS WEBS\propaWEB\clients\mp\images\new-5a.jpg --> dns.helm.australis.com.au /propagan/wwwroot/clients/mp/images new-5a.jpg
2009.06.09 11:35 B G:\dec2007DORYbackup\VARIOUS WEBS\propaWEB\clients\mp\images\new-10a.jpg --> dns.helm.australis.com.au /propagan/wwwroot/clients/mp/images new-10a.jpg
2009.06.09 11:35 B G:\dec2007DORYbackup\VARIOUS WEBS\propaWEB\clients\mp\images\collage.jpg --> dns.helm.australis.com.au /propagan/wwwroot/clients/mp/images collage.jpg
2009.06.09 11:35 B G:\dec2007DORYbackup\VARIOUS WEBS\propaWEB\clients\mp\images\PCO1.gif --> dns.helm.australis.com.au /propagan/wwwroot/clients/mp/images PCO1.gif
2009.06.09 11:35 B G:\dec2007DORYbackup\VARIOUS WEBS\propaWEB\clients\mp\images\mplogowm.gif --> dns.helm.australis.com.au /propagan/wwwroot/clients/mp/images mplogowm.gif
2009.06.09 11:35 B G:\dec2007DORYbackup\VARIOUS WEBS\propaWEB\clients\mp\images\MP_logo3.gif --> dns.helm.australis.com.au /propagan/wwwroot/clients/mp/images MP_logo3.gif
2009.06.09 11:35 B G:\dec2007DORYbackup\VARIOUS WEBS\propaWEB\clients\mp\images\bulletrt2.gif --> dns.helm.australis.com.au /propagan/wwwroot/clients/mp/images bulletrt2.gif
2009.06.09 11:35 B G:\dec2007DORYbackup\VARIOUS WEBS\propaWEB\clients\mp\images\MP_logo1.gif --> dns.helm.australis.com.au /propagan/wwwroot/clients/mp/images MP_logo1.gif
